<?xml version="1.0" encoding="UTF-8"?>
<!-- Generated by org.testng.reporters.JUnitReportReporter -->
<testsuite hostname="LAPTOP-GVQAM2BC" failures="0" tests="2" name="com.qa.tests.SignupTest" time="25.725" errors="0" timestamp="2020-05-05T17:18:02 IST" skipped="0">
  <testcase classname="com.qa.tests.SignupTest" name="createnewAccount" time="14.046"/>
  <system-out/>
  <testcase classname="com.qa.tests.SignupTest" name="createnewAccount" time="11.679"/>
  <system-out/>
</testsuite> <!-- com.qa.tests.SignupTest -->
