<?xml version="1.0" encoding="UTF-8"?>
<!-- Generated by org.testng.reporters.JUnitReportReporter -->
<testsuite hostname="LAPTOP-GVQAM2BC" failures="0" tests="2" name="com.qa.tests.Loginpagetest" time="36.317" errors="0" timestamp="2020-05-04T15:20:28 IST" skipped="0">
  <testcase classname="com.qa.tests.Loginpagetest" name="loginpagetitletest" time="14.520"/>
  <system-out/>
  <testcase classname="com.qa.tests.Loginpagetest" name="loginfbtest" time="21.797"/>
  <system-out/>
</testsuite> <!-- com.qa.tests.Loginpagetest -->
