<?xml version="1.0" encoding="UTF-8"?>
<!-- Generated by org.testng.reporters.JUnitReportReporter -->
<testsuite hostname="LAPTOP-GVQAM2BC" failures="0" tests="2" name="com.qa.tests.Loginpagetest" time="53.861" errors="0" timestamp="2020-05-05T16:35:21 IST" skipped="0">
  <testcase classname="com.qa.tests.Loginpagetest" name="loginpagetitletest" time="15.493"/>
  <system-out/>
  <testcase classname="com.qa.tests.Loginpagetest" name="loginfbtest" time="38.368"/>
  <system-out/>
</testsuite> <!-- com.qa.tests.Loginpagetest -->
